1 -> [-1,-1]
31 -> [-1,-1]
4 -> [-1,-1]
26 -> [-1,-1]
-1 -> [2,0]
25 -> [-1,-1]
4 -> [-1,-1]
26 -> [-1,-1]
-1 -> [3,0]
25 -> [-1,-1]
4 -> [-1,-1]
26 -> [-1,-1]
-1 -> [4,0]
25 -> [-1,-1]
4 -> [-1,-1]
26 -> [-1,-1]
-1 -> [4,1]
2 -> [-1,-1]
29 -> [-1,-1]
-1 -> [2,0]
30 -> [-1,-1]
2 -> [-1,-1]
29 -> [-1,-1]
-1 -> [3,0]
30 -> [-1,-1]
2 -> [-1,-1]
29 -> [-1,-1]
-1 -> [4,0]
30 -> [-1,-1]
-1 -> [4,1]
17 -> [-1,-1]
-1 -> [2,0]
7 -> [-1,-1]
29 -> [-1,-1]
-1 -> [4,1]
23 -> [-1,-1]
-1 -> [3,0]
30 -> [-1,-1]
8 -> [-1,-1]
31 -> [-1,-1]
-1 -> [4,1]
17 -> [-1,-1]
-1 -> [3,0]
32 -> [-1,-1]
7 -> [-1,-1]
29 -> [-1,-1]
-1 -> [4,1]
23 -> [-1,-1]
-1 -> [4,0]
30 -> [-1,-1]
8 -> [-1,-1]
31 -> [-1,-1]
-1 -> [4,1]
17 -> [-1,-1]
-1 -> [4,0]
32 -> [-1,-1]
3 -> [-1,-1]
29 -> [-1,-1]
-1 -> [4,1]
30 -> [-1,-1]
32 -> [-1,-1]
1 -> [-1,-1]
31 -> [-1,-1]
4 -> [-1,-1]
26 -> [-1,-1]
-1 -> [2,0]
25 -> [-1,-1]
4 -> [-1,-1]
26 -> [-1,-1]
-1 -> [3,0]
25 -> [-1,-1]
4 -> [-1,-1]
26 -> [-1,-1]
-1 -> [4,0]
25 -> [-1,-1]
4 -> [-1,-1]
26 -> [-1,-1]
2 -> [-1,-1]
29 -> [-1,-1]
-1 -> [2,0]
30 -> [-1,-1]
2 -> [-1,-1]
29 -> [-1,-1]
-1 -> [3,0]
30 -> [-1,-1]
2 -> [-1,-1]
29 -> [-1,-1]
-1 -> [4,0]
30 -> [-1,-1]
-1 -> [4,1]
17 -> [-1,-1]
-1 -> [2,0]
7 -> [-1,-1]
29 -> [-1,-1]
-1 -> [4,1]
23 -> [-1,-1]
-1 -> [3,0]
30 -> [-1,-1]
8 -> [-1,-1]
31 -> [-1,-1]
-1 -> [4,1]
17 -> [-1,-1]
-1 -> [3,0]
32 -> [-1,-1]
7 -> [-1,-1]
29 -> [-1,-1]
-1 -> [4,1]
23 -> [-1,-1]
-1 -> [4,0]
30 -> [-1,-1]
31 -> [-1,-1]
-1 -> [4,1]
17 -> [-1,-1]
-1 -> [4,0]
32 -> [-1,-1]
3 -> [-1,-1]
29 -> [-1,-1]
-1 -> [4,1]
30 -> [-1,-1]
32 -> [-1,-1]
